0 silly input [ 'publish' ]
1 silly flags { _: [ 'publish' ], 'reject-cycles': false, rejectCycles: false }
2 verbose rootPath D:\workplace\hui-admin
3 info version 2.11.0
4 silly isInitialized
5 silly isInitialized true
6 silly existsSync D:\workplace\hui-admin\VERSION
7 silly initialize attempt
8 info current version 0.0.1
9 silly isDetachedHead
10 silly getCurrentBranch
11 verbose getCurrentBranch master
12 verbose isDetachedHead false
13 silly getCurrentBranch
14 verbose getCurrentBranch master
15 silly getUpdates
16 info Checking for updated packages...
17 silly hasTags
18 verbose hasTags true
19 silly getLastTag
20 verbose getLastTag v4.0.0
21 info Comparing with v4.0.0.
22 silly diffSinceIn v4.0.0 packages/irs-button
23 silly diff packages/irs-button/readme.md
23 silly diff packages/irs-button/src/button/module.ts
24 verbose updated irs-button
25 info Checking for prereleased packages...
26 silly collectDependents
27 silly isPackageDependentOf irs-button irs-button
28 silly collectUpdates
29 verbose has filtered update irs-button
30 silly initialize success
31 silly execute attempt
32 silly addFile D:\workplace\hui-admin\lerna.json
33 silly runScriptSync preversion irs-ui
34 silly runScriptSync preversion irs-button
35 silly runScriptSync version irs-button
36 silly runScriptSync version irs-ui
37 silly addFile D:\workplace\hui-admin\packages\irs-button\package.json
38 silly commit v0.0.2
39 verbose commit [ 'commit', '--no-verify', '-m', 'v0.0.2' ]
40 silly addTag v0.0.2
41 error execute caught error
42 error Error: fatal: tag 'v0.0.2' already exists
42 error
42 error     at Function.module.exports.sync (C:\Users\dell\AppData\Roaming\npm\node_modules\lerna\node_modules\execa\index.js:303:26)
42 error     at Function.execSync (C:\Users\dell\AppData\Roaming\npm\node_modules\lerna\lib\ChildProcessUtilities.js:59:30)
42 error     at Function.addTag (C:\Users\dell\AppData\Roaming\npm\node_modules\lerna\lib\GitUtilities.js:100:39)
42 error     at PublishCommand.gitCommitAndTagVersion (C:\Users\dell\AppData\Roaming\npm\node_modules\lerna\lib\commands\PublishCommand.js:779:30)
42 error     at PublishCommand.commitAndTagUpdates (C:\Users\dell\AppData\Roaming\npm\node_modules\lerna\lib\commands\PublishCommand.js:740:27)
42 error     at PublishCommand.execute (C:\Users\dell\AppData\Roaming\npm\node_modules\lerna\lib\commands\PublishCommand.js:329:14)
